<?xml version="1.0" encoding="UTF-8"?>
<testng-results ignored="0" total="1" passed="1" failed="0" skipped="0">
  <reporter-output>
  </reporter-output>
  <suite started-at="2025-10-30T17:03:59 IST" name="Default suite" finished-at="2025-10-30T17:03:59 IST" duration-ms="61">
    <groups>
    </groups>
    <test started-at="2025-10-30T17:03:59 IST" name="Default test" finished-at="2025-10-30T17:03:59 IST" duration-ms="61">
      <class name="Testers.TestPIMpage">
        <test-method is-config="true" signature="beforeTest()[pri:0, instance:Testers.TestPIMpage@62ddbd7e]" started-at="2025-10-30T17:03:59 IST" name="beforeTest" finished-at="2025-10-30T17:03:59 IST" duration-ms="12" status="PASS">
          <reporter-output>
          </reporter-output>
        </test-method> <!-- beforeTest -->
        <test-method signature="f()[pri:0, instance:Testers.TestPIMpage@62ddbd7e]" started-at="2025-10-30T17:03:59 IST" name="f" finished-at="2025-10-30T17:03:59 IST" duration-ms="8" status="PASS">
          <reporter-output>
          </reporter-output>
        </test-method> <!-- f -->
        <test-method is-config="true" signature="afterTest()[pri:0, instance:Testers.TestPIMpage@62ddbd7e]" started-at="2025-10-30T17:03:59 IST" name="afterTest" finished-at="2025-10-30T17:03:59 IST" duration-ms="1" status="PASS">
          <reporter-output>
          </reporter-output>
        </test-method> <!-- afterTest -->
      </class> <!-- Testers.TestPIMpage -->
    </test> <!-- Default test -->
  </suite> <!-- Default suite -->
</testng-results>
